# JRE version: Java(TM) SE Runtime Environment (23.0+37) (build 23+37-2369)
# Java VM: Java HotSpot(TM) 64-Bit Server VM (23+37-2369, mixed mode, sharing, tiered, compressed oops, compressed class ptrs, g1 gc, windows-amd64)
GC Precious Log:
 CardTable entry size: 512
 Card Set container configuration: InlinePtr #cards 5 size 8 Array Of Cards #cards 10 size 36 Howl #buckets 4 coarsen threshold 1843 Howl Bitmap #cards 512 size 80 coarsen threshold 460 Card regions per heap region 1 cards per card region 2048
 CPUs: 12 total, 12 available
 Memory: 7518M
 Large Page Support: Disabled
 NUMA Support: Disabled
 Compressed Oops: Enabled (32-bit)
 Heap Region Size: 1M
 Heap Min Capacity: 8M
 Heap Initial Capacity: 118M
 Heap Max Capacity: 1880M
 Pre-touch: Disabled
 Parallel Workers: 10
 Concurrent Workers: 3
 Concurrent Refinement Workers: 10
 Periodic GC: Disabled
Heap:
 garbage-first heap   total reserved 1925120K, committed 61440K, used 41955K [0x000000008a800000, 0x0000000100000000)
  region size 1024K, 8 young (8192K), 1 survivors (1024K)
 Metaspace       used 86340K, committed 87104K, reserved 1179648K
  class space    used 12339K, committed 12672K, reserved 1048576K
GC Heap History (20 events):
Event: 4.783 GC heap before
{Heap before GC invocations=10 (full 0):
 garbage-first heap   total reserved 1925120K, committed 57344K, used 47271K [0x000000008a800000, 0x0000000100000000)
  region size 1024K, 25 young (25600K), 2 survivors (2048K)
 Metaspace       used 47418K, committed 48000K, reserved 1114112K
  class space    used 6565K, committed 6784K, reserved 1048576K
}
Event: 4.786 GC heap after
{Heap after GC invocations=11 (full 0):
 garbage-first heap   total reserved 1925120K, committed 57344K, used 25380K [0x000000008a800000, 0x0000000100000000)
  region size 1024K, 4 young (4096K), 4 survivors (4096K)
 Metaspace       used 47418K, committed 48000K, reserved 1114112K
  class space    used 6565K, committed 6784K, reserved 1048576K
}
Event: 5.240 GC heap before
{Heap before GC invocations=11 (full 0):
 garbage-first heap   total reserved 1925120K, committed 57344K, used 47908K [0x000000008a800000, 0x0000000100000000)
  region size 1024K, 27 young (27648K), 4 survivors (4096K)
 Metaspace       used 54115K, committed 54720K, reserved 1114112K
  class space    used 7345K, committed 7616K, reserved 1048576K
}
Event: 5.243 GC heap after
{Heap after GC invocations=12 (full 0):
 garbage-first heap   total reserved 1925120K, committed 57344K, used 26855K [0x000000008a800000, 0x0000000100000000)
  region size 1024K, 4 young (4096K), 4 survivors (4096K)
 Metaspace       used 54115K, committed 54720K, reserved 1114112K
  class space    used 7345K, committed 7616K, reserved 1048576K
}
Event: 5.572 GC heap before
{Heap before GC invocations=12 (full 0):
 garbage-first heap   total reserved 1925120K, committed 57344K, used 45287K [0x000000008a800000, 0x0000000100000000)
  region size 1024K, 24 young (24576K), 4 survivors (4096K)
 Metaspace       used 59856K, committed 60480K, reserved 1114112K
  class space    used 8097K, committed 8384K, reserved 1048576K
}
Event: 5.574 GC heap after
{Heap after GC invocations=13 (full 0):
 garbage-first heap   total reserved 1925120K, committed 57344K, used 27851K [0x000000008a800000, 0x0000000100000000)
  region size 1024K, 3 young (3072K), 3 survivors (3072K)
 Metaspace       used 59856K, committed 60480K, reserved 1114112K
  class space    used 8097K, committed 8384K, reserved 1048576K
}
Event: 6.017 GC heap before
{Heap before GC invocations=14 (full 0):
 garbage-first heap   total reserved 1925120K, committed 57344K, used 48331K [0x000000008a800000, 0x0000000100000000)
  region size 1024K, 24 young (24576K), 3 survivors (3072K)
 Metaspace       used 65172K, committed 65792K, reserved 1114112K
  class space    used 9096K, committed 9408K, reserved 1048576K
}
Event: 6.018 GC heap after
{Heap after GC invocations=15 (full 0):
 garbage-first heap   total reserved 1925120K, committed 57344K, used 28810K [0x000000008a800000, 0x0000000100000000)
  region size 1024K, 2 young (2048K), 2 survivors (2048K)
 Metaspace       used 65172K, committed 65792K, reserved 1114112K
  class space    used 9096K, committed 9408K, reserved 1048576K
}
Event: 6.522 GC heap before
{Heap before GC invocations=15 (full 0):
 garbage-first heap   total reserved 1925120K, committed 57344K, used 50314K [0x000000008a800000, 0x0000000100000000)
  region size 1024K, 23 young (23552K), 2 survivors (2048K)
 Metaspace       used 69877K, committed 70528K, reserved 1114112K
  class space    used 9748K, committed 10048K, reserved 1048576K
}
Event: 6.525 GC heap after
{Heap after GC invocations=16 (full 0):
 garbage-first heap   total reserved 1925120K, committed 57344K, used 30410K [0x000000008a800000, 0x0000000100000000)
  region size 1024K, 3 young (3072K), 3 survivors (3072K)
 Metaspace       used 69877K, committed 70528K, reserved 1114112K
  class space    used 9748K, committed 10048K, reserved 1048576K
}
Event: 6.879 GC heap before
{Heap before GC invocations=16 (full 0):
 garbage-first heap   total reserved 1925120K, committed 57344K, used 49866K [0x000000008a800000, 0x0000000100000000)
  region size 1024K, 22 young (22528K), 3 survivors (3072K)
 Metaspace       used 72043K, committed 72768K, reserved 1114112K
  class space    used 10065K, committed 10368K, reserved 1048576K
}
Event: 6.883 GC heap after
{Heap after GC invocations=17 (full 0):
 garbage-first heap   total reserved 1925120K, committed 57344K, used 32121K [0x000000008a800000, 0x0000000100000000)
  region size 1024K, 2 young (2048K), 2 survivors (2048K)
 Metaspace       used 72043K, committed 72768K, reserved 1114112K
  class space    used 10065K, committed 10368K, reserved 1048576K
}
Event: 7.408 GC heap before
{Heap before GC invocations=18 (full 0):
 garbage-first heap   total reserved 1925120K, committed 57344K, used 50553K [0x000000008a800000, 0x0000000100000000)
  region size 1024K, 20 young (20480K), 2 survivors (2048K)
 Metaspace       used 74500K, committed 75264K, reserved 1114112K
  class space    used 10472K, committed 10816K, reserved 1048576K
}
Event: 7.410 GC heap after
{Heap after GC invocations=19 (full 0):
 garbage-first heap   total reserved 1925120K, committed 57344K, used 33559K [0x000000008a800000, 0x0000000100000000)
  region size 1024K, 3 young (3072K), 3 survivors (3072K)
 Metaspace       used 74500K, committed 75264K, reserved 1114112K
  class space    used 10472K, committed 10816K, reserved 1048576K
}
Event: 32.144 GC heap before
{Heap before GC invocations=19 (full 0):
 garbage-first heap   total reserved 1925120K, committed 57344K, used 48919K [0x000000008a800000, 0x0000000100000000)
  region size 1024K, 19 young (19456K), 3 survivors (3072K)
 Metaspace       used 78988K, committed 79744K, reserved 1179648K
  class space    used 11116K, committed 11456K, reserved 1048576K
}
Event: 32.156 GC heap after
{Heap after GC invocations=20 (full 0):
 garbage-first heap   total reserved 1925120K, committed 57344K, used 34528K [0x000000008a800000, 0x0000000100000000)
  region size 1024K, 2 young (2048K), 2 survivors (2048K)
 Metaspace       used 78988K, committed 79744K, reserved 1179648K
  class space    used 11116K, committed 11456K, reserved 1048576K
}
Event: 32.431 GC heap before
{Heap before GC invocations=20 (full 0):
 garbage-first heap   total reserved 1925120K, committed 57344K, used 48864K [0x000000008a800000, 0x0000000100000000)
  region size 1024K, 17 young (17408K), 2 survivors (2048K)
 Metaspace       used 81414K, committed 82176K, reserved 1179648K
  class space    used 11608K, committed 11904K, reserved 1048576K
}
Event: 32.435 GC heap after
{Heap after GC invocations=21 (full 0):
 garbage-first heap   total reserved 1925120K, committed 57344K, used 36318K [0x000000008a800000, 0x0000000100000000)
  region size 1024K, 3 young (3072K), 3 survivors (3072K)
 Metaspace       used 81414K, committed 82176K, reserved 1179648K
  class space    used 11608K, committed 11904K, reserved 1048576K
}
Event: 32.943 GC heap before
{Heap before GC invocations=22 (full 0):
 garbage-first heap   total reserved 1925120K, committed 61440K, used 49630K [0x000000008a800000, 0x0000000100000000)
  region size 1024K, 17 young (17408K), 3 survivors (3072K)
 Metaspace       used 85627K, committed 86336K, reserved 1179648K
  class space    used 12244K, committed 12544K, reserved 1048576K
}
Event: 32.946 GC heap after
{Heap after GC invocations=23 (full 0):
 garbage-first heap   total reserved 1925120K, committed 61440K, used 36835K [0x000000008a800000, 0x0000000100000000)
  region size 1024K, 1 young (1024K), 1 survivors (1024K)
 Metaspace       used 85627K, committed 86336K, reserved 1179648K
  class space    used 12244K, committed 12544K, reserved 1048576K
}

